<?xml version="1.0" encoding="UTF-8"?>
<testng-results ignored="0" total="1" passed="1" failed="0" skipped="0">
  <reporter-output>
  </reporter-output>
  <suite started-at="2023-04-28T15:56:53 IST" name="Default suite" finished-at="2023-04-28T15:57:12 IST" duration-ms="19132">
    <groups>
    </groups>
    <test started-at="2023-04-28T15:56:53 IST" name="Default test" finished-at="2023-04-28T15:57:12 IST" duration-ms="19132">
      <class name="testPackage.TC_LoginPage">
        <test-method is-config="true" signature="setUp()[pri:0, instance:testPackage.TC_LoginPage@34123d65]" started-at="2023-04-28T15:56:53 IST" name="setUp" finished-at="2023-04-28T15:57:04 IST" duration-ms="10462" status="PASS">
          <reporter-output>
          </reporter-output>
        </test-method> <!-- setUp -->
        <test-method is-config="true" signature="objectInit()[pri:0, instance:testPackage.TC_LoginPage@34123d65]" started-at="2023-04-28T15:57:04 IST" name="objectInit" finished-at="2023-04-28T15:57:04 IST" duration-ms="52" status="PASS">
          <reporter-output>
          </reporter-output>
        </test-method> <!-- objectInit -->
        <test-method signature="userLogin()[pri:0, instance:testPackage.TC_LoginPage@34123d65]" started-at="2023-04-28T15:57:04 IST" name="userLogin" finished-at="2023-04-28T15:57:12 IST" duration-ms="7800" status="PASS">
          <reporter-output>
          </reporter-output>
        </test-method> <!-- userLogin -->
        <test-method is-config="true" signature="afterMethod(org.testng.ITestResult)[pri:0, instance:testPackage.TC_LoginPage@34123d65]" started-at="2023-04-28T15:57:12 IST" name="afterMethod" finished-at="2023-04-28T15:57:12 IST" duration-ms="16" status="PASS">
          <params>
            <param index="0">
              <value>
                <![CDATA[[TestResult name=userLogin status=SUCCESS method=TC_LoginPage.userLogin()[pri:0, instance:testPackage.TC_LoginPage@34123d65] output={null}]]]>
              </value>
            </param>
          </params>
          <reporter-output>
          </reporter-output>
        </test-method> <!-- afterMethod -->
        <test-method is-config="true" signature="tearDown()[pri:0, instance:testPackage.TC_LoginPage@34123d65]" started-at="2023-04-28T15:57:12 IST" name="tearDown" finished-at="2023-04-28T15:57:12 IST" duration-ms="732" status="PASS">
          <reporter-output>
          </reporter-output>
        </test-method> <!-- tearDown -->
      </class> <!-- testPackage.TC_LoginPage -->
    </test> <!-- Default test -->
  </suite> <!-- Default suite -->
</testng-results>
