<?xml version="1.0" encoding="UTF-8"?>
<testng-results ignored="0" total="2" passed="2" failed="0" skipped="0">
  <reporter-output>
  </reporter-output>
  <suite started-at="2023-05-12T00:40:39 IST" name="Default suite" finished-at="2023-05-12T00:40:57 IST" duration-ms="17771">
    <groups>
    </groups>
    <test started-at="2023-05-12T00:40:39 IST" name="Default test" finished-at="2023-05-12T00:40:57 IST" duration-ms="17771">
      <class name="testPackage.TC_LoginAndLogout">
        <test-method is-config="true" signature="setup()[pri:0, instance:testPackage.TC_LoginAndLogout@5c5eefef]" started-at="2023-05-12T00:40:39 IST" name="setup" finished-at="2023-05-12T00:40:51 IST" duration-ms="11746" status="PASS">
          <reporter-output>
          </reporter-output>
        </test-method> <!-- setup -->
        <test-method is-config="true" signature="initObject()[pri:0, instance:testPackage.TC_LoginAndLogout@5c5eefef]" started-at="2023-05-12T00:40:51 IST" name="initObject" finished-at="2023-05-12T00:40:51 IST" duration-ms="40" status="PASS">
          <reporter-output>
          </reporter-output>
        </test-method> <!-- initObject -->
        <test-method signature="loginTest()[pri:0, instance:testPackage.TC_LoginAndLogout@5c5eefef]" started-at="2023-05-12T00:40:51 IST" name="loginTest" finished-at="2023-05-12T00:40:54 IST" duration-ms="3459" status="PASS">
          <reporter-output>
          </reporter-output>
        </test-method> <!-- loginTest -->
        <test-method is-config="true" signature="afterMethod(org.testng.ITestResult)[pri:0, instance:testPackage.TC_LoginAndLogout@5c5eefef]" started-at="2023-05-12T00:40:54 IST" name="afterMethod" finished-at="2023-05-12T00:40:54 IST" duration-ms="6" status="PASS">
          <params>
            <param index="0">
              <value>
                <![CDATA[[TestResult name=loginTest status=SUCCESS method=TC_LoginAndLogout.loginTest()[pri:0, instance:testPackage.TC_LoginAndLogout@5c5eefef] output={null}]]]>
              </value>
            </param>
          </params>
          <reporter-output>
          </reporter-output>
        </test-method> <!-- afterMethod -->
        <test-method is-config="true" signature="initObject()[pri:0, instance:testPackage.TC_LoginAndLogout@5c5eefef]" started-at="2023-05-12T00:40:54 IST" name="initObject" finished-at="2023-05-12T00:40:54 IST" duration-ms="1" status="PASS">
          <reporter-output>
          </reporter-output>
        </test-method> <!-- initObject -->
        <test-method signature="logoutTest()[pri:1, instance:testPackage.TC_LoginAndLogout@5c5eefef]" started-at="2023-05-12T00:40:54 IST" name="logoutTest" finished-at="2023-05-12T00:40:57 IST" duration-ms="2439" status="PASS">
          <reporter-output>
          </reporter-output>
        </test-method> <!-- logoutTest -->
        <test-method is-config="true" signature="afterMethod(org.testng.ITestResult)[pri:0, instance:testPackage.TC_LoginAndLogout@5c5eefef]" started-at="2023-05-12T00:40:57 IST" name="afterMethod" finished-at="2023-05-12T00:40:57 IST" duration-ms="1" status="PASS">
          <params>
            <param index="0">
              <value>
                <![CDATA[[TestResult name=logoutTest status=SUCCESS method=TC_LoginAndLogout.logoutTest()[pri:1, instance:testPackage.TC_LoginAndLogout@5c5eefef] output={null}]]]>
              </value>
            </param>
          </params>
          <reporter-output>
          </reporter-output>
        </test-method> <!-- afterMethod -->
        <test-method is-config="true" signature="tearDown()[pri:0, instance:testPackage.TC_LoginAndLogout@5c5eefef]" started-at="2023-05-12T00:40:57 IST" name="tearDown" finished-at="2023-05-12T00:40:57 IST" duration-ms="1" status="PASS">
          <reporter-output>
          </reporter-output>
        </test-method> <!-- tearDown -->
      </class> <!-- testPackage.TC_LoginAndLogout -->
    </test> <!-- Default test -->
  </suite> <!-- Default suite -->
</testng-results>
